{"C:\\Users\\rega1\\OneDrive\\Escritorio\\Microverse GITHUB\\Module 2\\to-do-list\\src\\modules\\addRemove.js": {"path":"C:\\Users\\rega1\\OneDrive\\Escritorio\\Microverse GITHUB\\Module 2\\to-do-list\\src\\modules\\addRemove.js","statementMap":{"0":{"start":{"line":6,"column":17},"end":{"line":6,"column":55}},"1":{"start":{"line":7,"column":13},"end":{"line":7,"column":44}},"2":{"start":{"line":8,"column":15},"end":{"line":8,"column":17}},"3":{"start":{"line":10,"column":26},"end":{"line":12,"column":1}},"4":{"start":{"line":11,"column":2},"end":{"line":11,"column":61}},"5":{"start":{"line":14,"column":28},"end":{"line":20,"column":1}},"6":{"start":{"line":15,"column":2},"end":{"line":19,"column":3}},"7":{"start":{"line":16,"column":4},"end":{"line":16,"column":60}},"8":{"start":{"line":18,"column":4},"end":{"line":18,"column":22}},"9":{"start":{"line":22,"column":19},"end":{"line":25,"column":1}},"10":{"start":{"line":23,"column":2},"end":{"line":23,"column":97}},"11":{"start":{"line":24,"column":2},"end":{"line":24,"column":15}},"12":{"start":{"line":27,"column":22},"end":{"line":40,"column":1}},"13":{"start":{"line":28,"column":2},"end":{"line":28,"column":99}},"14":{"start":{"line":28,"column":47},"end":{"line":28,"column":97}},"15":{"start":{"line":32,"column":2},"end":{"line":34,"column":5}},"16":{"start":{"line":33,"column":4},"end":{"line":33,"column":25}},"17":{"start":{"line":36,"column":2},"end":{"line":36,"column":41}},"18":{"start":{"line":38,"column":2},"end":{"line":38,"column":61}},"19":{"start":{"line":39,"column":2},"end":{"line":39,"column":16}},"20":{"start":{"line":42,"column":27},"end":{"line":45,"column":1}},"21":{"start":{"line":43,"column":2},"end":{"line":43,"column":52}},"22":{"start":{"line":44,"column":2},"end":{"line":44,"column":61}},"23":{"start":{"line":47,"column":32},"end":{"line":52,"column":1}},"24":{"start":{"line":48,"column":2},"end":{"line":51,"column":5}},"25":{"start":{"line":49,"column":4},"end":{"line":49,"column":30}},"26":{"start":{"line":50,"column":4},"end":{"line":50,"column":20}},"27":{"start":{"line":54,"column":30},"end":{"line":63,"column":1}},"28":{"start":{"line":55,"column":2},"end":{"line":62,"column":5}},"29":{"start":{"line":56,"column":4},"end":{"line":61,"column":5}},"30":{"start":{"line":57,"column":6},"end":{"line":57,"column":25}},"31":{"start":{"line":58,"column":6},"end":{"line":58,"column":12}},"32":{"start":{"line":59,"column":6},"end":{"line":59,"column":20}},"33":{"start":{"line":60,"column":6},"end":{"line":60,"column":19}}},"fnMap":{"0":{"name":"(anonymous_0)","decl":{"start":{"line":10,"column":26},"end":{"line":10,"column":27}},"loc":{"start":{"line":10,"column":32},"end":{"line":12,"column":1}},"line":10},"1":{"name":"(anonymous_1)","decl":{"start":{"line":14,"column":28},"end":{"line":14,"column":29}},"loc":{"start":{"line":14,"column":34},"end":{"line":20,"column":1}},"line":14},"2":{"name":"(anonymous_2)","decl":{"start":{"line":22,"column":19},"end":{"line":22,"column":20}},"loc":{"start":{"line":22,"column":25},"end":{"line":25,"column":1}},"line":22},"3":{"name":"(anonymous_3)","decl":{"start":{"line":27,"column":22},"end":{"line":27,"column":23}},"loc":{"start":{"line":27,"column":35},"end":{"line":40,"column":1}},"line":27},"4":{"name":"(anonymous_4)","decl":{"start":{"line":28,"column":37},"end":{"line":28,"column":38}},"loc":{"start":{"line":28,"column":47},"end":{"line":28,"column":97}},"line":28},"5":{"name":"(anonymous_5)","decl":{"start":{"line":32,"column":23},"end":{"line":32,"column":24}},"loc":{"start":{"line":32,"column":38},"end":{"line":34,"column":3}},"line":32},"6":{"name":"(anonymous_6)","decl":{"start":{"line":42,"column":27},"end":{"line":42,"column":28}},"loc":{"start":{"line":42,"column":51},"end":{"line":45,"column":1}},"line":42},"7":{"name":"(anonymous_7)","decl":{"start":{"line":47,"column":32},"end":{"line":47,"column":33}},"loc":{"start":{"line":47,"column":38},"end":{"line":52,"column":1}},"line":47},"8":{"name":"(anonymous_8)","decl":{"start":{"line":48,"column":37},"end":{"line":48,"column":38}},"loc":{"start":{"line":48,"column":43},"end":{"line":51,"column":3}},"line":48},"9":{"name":"(anonymous_9)","decl":{"start":{"line":54,"column":30},"end":{"line":54,"column":31}},"loc":{"start":{"line":54,"column":36},"end":{"line":63,"column":1}},"line":54},"10":{"name":"(anonymous_10)","decl":{"start":{"line":55,"column":40},"end":{"line":55,"column":41}},"loc":{"start":{"line":55,"column":47},"end":{"line":62,"column":3}},"line":55}},"branchMap":{"0":{"loc":{"start":{"line":15,"column":2},"end":{"line":19,"column":3}},"type":"if","locations":[{"start":{"line":15,"column":2},"end":{"line":19,"column":3}},{"start":{"line":17,"column":9},"end":{"line":19,"column":3}}],"line":15},"1":{"loc":{"start":{"line":56,"column":4},"end":{"line":61,"column":5}},"type":"if","locations":[{"start":{"line":56,"column":4},"end":{"line":61,"column":5}},{"start":{},"end":{}}],"line":56}},"s":{"0":2,"1":2,"2":2,"3":2,"4":4,"5":2,"6":4,"7":4,"8":0,"9":2,"10":2,"11":2,"12":2,"13":1,"14":1,"15":1,"16":0,"17":1,"18":1,"19":1,"20":2,"21":1,"22":1,"23":2,"24":0,"25":0,"26":0,"27":2,"28":0,"29":0,"30":0,"31":0,"32":0,"33":0},"f":{"0":4,"1":4,"2":2,"3":1,"4":1,"5":0,"6":1,"7":0,"8":0,"9":0,"10":0},"b":{"0":[4,0],"1":[0,0]},"_coverageSchema":"1a1c01bbd47fc00a2c39e90264f33305004495a9","hash":"fd3c95da2b153418ddd88e8a4bab045b22473332"}
,"C:\\Users\\rega1\\OneDrive\\Escritorio\\Microverse GITHUB\\Module 2\\to-do-list\\src\\modules\\checkbox.js": {"path":"C:\\Users\\rega1\\OneDrive\\Escritorio\\Microverse GITHUB\\Module 2\\to-do-list\\src\\modules\\checkbox.js","statementMap":{"0":{"start":{"line":5,"column":22},"end":{"line":18,"column":1}},"1":{"start":{"line":6,"column":19},"end":{"line":6,"column":20}},"2":{"start":{"line":7,"column":19},"end":{"line":7,"column":42}},"3":{"start":{"line":8,"column":2},"end":{"line":16,"column":3}},"4":{"start":{"line":8,"column":15},"end":{"line":8,"column":16}},"5":{"start":{"line":9,"column":4},"end":{"line":15,"column":5}},"6":{"start":{"line":10,"column":6},"end":{"line":10,"column":39}},"7":{"start":{"line":11,"column":6},"end":{"line":11,"column":28}},"8":{"start":{"line":12,"column":11},"end":{"line":15,"column":5}},"9":{"start":{"line":13,"column":6},"end":{"line":13,"column":40}},"10":{"start":{"line":14,"column":6},"end":{"line":14,"column":29}},"11":{"start":{"line":17,"column":2},"end":{"line":17,"column":15}}},"fnMap":{"0":{"name":"(anonymous_0)","decl":{"start":{"line":5,"column":22},"end":{"line":5,"column":23}},"loc":{"start":{"line":5,"column":29},"end":{"line":18,"column":1}},"line":5}},"branchMap":{"0":{"loc":{"start":{"line":9,"column":4},"end":{"line":15,"column":5}},"type":"if","locations":[{"start":{"line":9,"column":4},"end":{"line":15,"column":5}},{"start":{"line":12,"column":11},"end":{"line":15,"column":5}}],"line":9},"1":{"loc":{"start":{"line":9,"column":8},"end":{"line":9,"column":70}},"type":"binary-expr","locations":[{"start":{"line":9,"column":8},"end":{"line":9,"column":42}},{"start":{"line":9,"column":46},"end":{"line":9,"column":70}}],"line":9},"2":{"loc":{"start":{"line":12,"column":11},"end":{"line":15,"column":5}},"type":"if","locations":[{"start":{"line":12,"column":11},"end":{"line":15,"column":5}},{"start":{},"end":{}}],"line":12},"3":{"loc":{"start":{"line":12,"column":15},"end":{"line":12,"column":76}},"type":"binary-expr","locations":[{"start":{"line":12,"column":15},"end":{"line":12,"column":49}},{"start":{"line":12,"column":53},"end":{"line":12,"column":76}}],"line":12}},"s":{"0":2,"1":1,"2":1,"3":1,"4":1,"5":1,"6":1,"7":1,"8":0,"9":0,"10":0,"11":1},"f":{"0":1},"b":{"0":[1,0],"1":[1,1],"2":[0,0],"3":[0,0]},"_coverageSchema":"1a1c01bbd47fc00a2c39e90264f33305004495a9","hash":"70f7041889e4cf1de65adf355c585360c3ec71ea"}
,"C:\\Users\\rega1\\OneDrive\\Escritorio\\Microverse GITHUB\\Module 2\\to-do-list\\src\\modules\\clearAllCompleted.js": {"path":"C:\\Users\\rega1\\OneDrive\\Escritorio\\Microverse GITHUB\\Module 2\\to-do-list\\src\\modules\\clearAllCompleted.js","statementMap":{"0":{"start":{"line":5,"column":24},"end":{"line":5,"column":60}},"1":{"start":{"line":7,"column":30},"end":{"line":14,"column":1}},"2":{"start":{"line":8,"column":2},"end":{"line":8,"column":72}},"3":{"start":{"line":8,"column":47},"end":{"line":8,"column":70}},"4":{"start":{"line":9,"column":2},"end":{"line":11,"column":5}},"5":{"start":{"line":10,"column":4},"end":{"line":10,"column":25}},"6":{"start":{"line":12,"column":2},"end":{"line":12,"column":15}},"7":{"start":{"line":13,"column":2},"end":{"line":13,"column":16}}},"fnMap":{"0":{"name":"(anonymous_0)","decl":{"start":{"line":7,"column":30},"end":{"line":7,"column":31}},"loc":{"start":{"line":7,"column":36},"end":{"line":14,"column":1}},"line":7},"1":{"name":"(anonymous_1)","decl":{"start":{"line":8,"column":37},"end":{"line":8,"column":38}},"loc":{"start":{"line":8,"column":47},"end":{"line":8,"column":70}},"line":8},"2":{"name":"(anonymous_2)","decl":{"start":{"line":9,"column":23},"end":{"line":9,"column":24}},"loc":{"start":{"line":9,"column":38},"end":{"line":11,"column":3}},"line":9}},"branchMap":{},"s":{"0":1,"1":1,"2":1,"3":1,"4":1,"5":0,"6":1,"7":1},"f":{"0":1,"1":1,"2":0},"b":{},"_coverageSchema":"1a1c01bbd47fc00a2c39e90264f33305004495a9","hash":"64cbfbb13e1026eb4850f42d5955b2a6d3767818"}
,"C:\\Users\\rega1\\OneDrive\\Escritorio\\Microverse GITHUB\\Module 2\\to-do-list\\src\\modules\\data.js": {"path":"C:\\Users\\rega1\\OneDrive\\Escritorio\\Microverse GITHUB\\Module 2\\to-do-list\\src\\modules\\data.js","statementMap":{"0":{"start":{"line":1,"column":13},"end":{"line":3,"column":1}}},"fnMap":{},"branchMap":{},"s":{"0":2},"f":{},"b":{},"_coverageSchema":"1a1c01bbd47fc00a2c39e90264f33305004495a9","hash":"7bdea7b31d640140182e4e3f6f20635cade544a4"}
,"C:\\Users\\rega1\\OneDrive\\Escritorio\\Microverse GITHUB\\Module 2\\to-do-list\\src\\modules\\display.js": {"path":"C:\\Users\\rega1\\OneDrive\\Escritorio\\Microverse GITHUB\\Module 2\\to-do-list\\src\\modules\\display.js","statementMap":{"0":{"start":{"line":7,"column":20},"end":{"line":79,"column":1}},"1":{"start":{"line":8,"column":2},"end":{"line":8,"column":17}},"2":{"start":{"line":9,"column":17},"end":{"line":9,"column":58}},"3":{"start":{"line":10,"column":2},"end":{"line":10,"column":26}},"4":{"start":{"line":12,"column":2},"end":{"line":78,"column":3}},"5":{"start":{"line":12,"column":15},"end":{"line":12,"column":16}},"6":{"start":{"line":13,"column":28},"end":{"line":13,"column":43}},"7":{"start":{"line":14,"column":22},"end":{"line":14,"column":37}},"8":{"start":{"line":15,"column":21},"end":{"line":15,"column":52}},"9":{"start":{"line":16,"column":4},"end":{"line":16,"column":31}},"10":{"start":{"line":17,"column":4},"end":{"line":17,"column":37}},"11":{"start":{"line":18,"column":4},"end":{"line":18,"column":29}},"12":{"start":{"line":19,"column":4},"end":{"line":19,"column":29}},"13":{"start":{"line":20,"column":24},"end":{"line":20,"column":52}},"14":{"start":{"line":21,"column":21},"end":{"line":21,"column":50}},"15":{"start":{"line":22,"column":21},"end":{"line":22,"column":52}},"16":{"start":{"line":23,"column":4},"end":{"line":23,"column":27}},"17":{"start":{"line":24,"column":4},"end":{"line":24,"column":34}},"18":{"start":{"line":25,"column":21},"end":{"line":25,"column":51}},"19":{"start":{"line":26,"column":4},"end":{"line":26,"column":37}},"20":{"start":{"line":27,"column":4},"end":{"line":27,"column":41}},"21":{"start":{"line":28,"column":4},"end":{"line":28,"column":57}},"22":{"start":{"line":29,"column":4},"end":{"line":29,"column":31}},"23":{"start":{"line":30,"column":4},"end":{"line":30,"column":27}},"24":{"start":{"line":31,"column":4},"end":{"line":31,"column":30}},"25":{"start":{"line":32,"column":4},"end":{"line":32,"column":73}},"26":{"start":{"line":33,"column":4},"end":{"line":33,"column":39}},"27":{"start":{"line":34,"column":4},"end":{"line":34,"column":30}},"28":{"start":{"line":35,"column":4},"end":{"line":35,"column":30}},"29":{"start":{"line":36,"column":4},"end":{"line":36,"column":30}},"30":{"start":{"line":37,"column":4},"end":{"line":37,"column":33}},"31":{"start":{"line":38,"column":4},"end":{"line":38,"column":31}},"32":{"start":{"line":40,"column":19},"end":{"line":40,"column":39}},"33":{"start":{"line":44,"column":4},"end":{"line":54,"column":7}},"34":{"start":{"line":45,"column":6},"end":{"line":53,"column":7}},"35":{"start":{"line":46,"column":28},"end":{"line":46,"column":49}},"36":{"start":{"line":47,"column":8},"end":{"line":47,"column":27}},"37":{"start":{"line":48,"column":8},"end":{"line":48,"column":49}},"38":{"start":{"line":49,"column":8},"end":{"line":49,"column":56}},"39":{"start":{"line":50,"column":8},"end":{"line":50,"column":44}},"40":{"start":{"line":51,"column":8},"end":{"line":51,"column":58}},"41":{"start":{"line":52,"column":8},"end":{"line":52,"column":24}},"42":{"start":{"line":58,"column":4},"end":{"line":65,"column":7}},"43":{"start":{"line":59,"column":6},"end":{"line":59,"column":54}},"44":{"start":{"line":60,"column":6},"end":{"line":60,"column":42}},"45":{"start":{"line":62,"column":6},"end":{"line":62,"column":54}},"46":{"start":{"line":63,"column":6},"end":{"line":63,"column":50}},"47":{"start":{"line":64,"column":6},"end":{"line":64,"column":53}},"48":{"start":{"line":69,"column":4},"end":{"line":73,"column":7}},"49":{"start":{"line":70,"column":6},"end":{"line":72,"column":7}},"50":{"start":{"line":71,"column":8},"end":{"line":71,"column":25}},"51":{"start":{"line":75,"column":4},"end":{"line":77,"column":7}},"52":{"start":{"line":76,"column":6},"end":{"line":76,"column":23}}},"fnMap":{"0":{"name":"(anonymous_0)","decl":{"start":{"line":7,"column":20},"end":{"line":7,"column":21}},"loc":{"start":{"line":7,"column":26},"end":{"line":79,"column":1}},"line":7},"1":{"name":"(anonymous_1)","decl":{"start":{"line":44,"column":42},"end":{"line":44,"column":43}},"loc":{"start":{"line":44,"column":49},"end":{"line":54,"column":5}},"line":44},"2":{"name":"(anonymous_2)","decl":{"start":{"line":58,"column":42},"end":{"line":58,"column":43}},"loc":{"start":{"line":58,"column":48},"end":{"line":65,"column":5}},"line":58},"3":{"name":"(anonymous_3)","decl":{"start":{"line":69,"column":39},"end":{"line":69,"column":40}},"loc":{"start":{"line":69,"column":46},"end":{"line":73,"column":5}},"line":69},"4":{"name":"(anonymous_4)","decl":{"start":{"line":75,"column":39},"end":{"line":75,"column":40}},"loc":{"start":{"line":75,"column":46},"end":{"line":77,"column":5}},"line":75}},"branchMap":{"0":{"loc":{"start":{"line":45,"column":6},"end":{"line":53,"column":7}},"type":"if","locations":[{"start":{"line":45,"column":6},"end":{"line":53,"column":7}},{"start":{},"end":{}}],"line":45},"1":{"loc":{"start":{"line":70,"column":6},"end":{"line":72,"column":7}},"type":"if","locations":[{"start":{"line":70,"column":6},"end":{"line":72,"column":7}},{"start":{},"end":{}}],"line":70}},"s":{"0":2,"1":4,"2":4,"3":4,"4":4,"5":4,"6":2,"7":2,"8":2,"9":2,"10":2,"11":2,"12":2,"13":2,"14":2,"15":2,"16":2,"17":2,"18":2,"19":2,"20":2,"21":2,"22":2,"23":2,"24":2,"25":2,"26":2,"27":2,"28":2,"29":2,"30":2,"31":2,"32":2,"33":2,"34":0,"35":0,"36":0,"37":0,"38":0,"39":0,"40":0,"41":0,"42":2,"43":0,"44":0,"45":0,"46":0,"47":0,"48":2,"49":0,"50":0,"51":2,"52":0},"f":{"0":4,"1":0,"2":0,"3":0,"4":0},"b":{"0":[0,0],"1":[0,0]},"_coverageSchema":"1a1c01bbd47fc00a2c39e90264f33305004495a9","hash":"24ed308dea9cd1a8623f7404c5da89550fb666b3"}
}
